TN:
SF:src/db/dbconfig.js
FNF:0
FNH:0
DA:5,1
DA:6,1
DA:8,1
LF:3
LH:3
BRF:0
BRH:0
end_of_record
TN:
SF:src/models/editora.js
FN:4,(anonymous_0)
FN:13,(anonymous_1)
FN:17,(anonymous_2)
FN:22,(anonymous_3)
FN:25,(anonymous_4)
FN:26,(anonymous_5)
FN:29,(anonymous_6)
FN:38,(anonymous_7)
FN:43,(anonymous_8)
FN:53,(anonymous_9)
FNF:10
FNH:10
FNDA:11,(anonymous_0)
FNDA:5,(anonymous_1)
FNDA:5,(anonymous_2)
FNDA:4,(anonymous_3)
FNDA:4,(anonymous_4)
FNDA:4,(anonymous_5)
FNDA:2,(anonymous_6)
FNDA:1,(anonymous_7)
FNDA:4,(anonymous_8)
FNDA:1,(anonymous_9)
DA:5,11
DA:6,11
DA:7,11
DA:8,11
DA:9,11
DA:10,11
DA:14,5
DA:18,5
DA:19,5
DA:23,4
DA:25,4
DA:26,4
DA:31,2
DA:35,2
DA:40,1
DA:47,4
DA:48,1
DA:50,3
DA:54,1
LF:19
LH:19
BRDA:5,0,0,11
BRDA:5,0,1,5
BRDA:9,1,0,11
BRDA:9,1,1,7
BRDA:10,2,0,11
BRDA:10,2,1,7
BRDA:47,3,0,1
BRDA:47,3,1,3
BRF:8
BRH:8
end_of_record
