{"/Users/Central/Documents/Alura/Nodejs: Testes unitários e integração/index.js": {"path":"/Users/Central/Documents/Alura/Nodejs: Testes unitários e integração/index.js","statementMap":{"0":{"start":{"line":1,"column":31},"end":{"line":2,"column":28}},"1":{"start":{"line":2,"column":2},"end":{"line":2,"column":28}},"2":{"start":{"line":4,"column":32},"end":{"line":4,"column":75}},"3":{"start":{"line":4,"column":56},"end":{"line":4,"column":75}}},"fnMap":{"0":{"name":"(anonymous_0)","decl":{"start":{"line":1,"column":31},"end":{"line":1,"column":32}},"loc":{"start":{"line":2,"column":2},"end":{"line":2,"column":28}},"line":2},"1":{"name":"(anonymous_1)","decl":{"start":{"line":4,"column":32},"end":{"line":4,"column":33}},"loc":{"start":{"line":4,"column":56},"end":{"line":4,"column":75}},"line":4}},"branchMap":{},"s":{"0":1,"1":1,"2":1,"3":1},"f":{"0":1,"1":1},"b":{},"_coverageSchema":"1a1c01bbd47fc00a2c39e90264f33305004495a9","hash":"fb3865e1cc873f25ae330666edfed6b5bbcf557f"}
}
