{"/Users/Central/Documents/Alura/2495_node_testes/src/app.js": {"path":"/Users/Central/Documents/Alura/2495_node_testes/src/app.js","statementMap":{"0":{"start":{"line":4,"column":12},"end":{"line":4,"column":21}},"1":{"start":{"line":5,"column":0},"end":{"line":5,"column":24}},"2":{"start":{"line":6,"column":0},"end":{"line":6,"column":12}}},"fnMap":{},"branchMap":{},"s":{"0":1,"1":1,"2":1},"f":{},"b":{},"_coverageSchema":"1a1c01bbd47fc00a2c39e90264f33305004495a9","hash":"d0fc7eaed582e9d283bc2a847525fa9a367e61cf"}
,"/Users/Central/Documents/Alura/2495_node_testes/src/controllers/autoresController.js": {"path":"/Users/Central/Documents/Alura/2495_node_testes/src/controllers/autoresController.js","statementMap":{"0":{"start":{"line":4,"column":25},"end":{"line":11,"column":3}},"1":{"start":{"line":5,"column":4},"end":{"line":10,"column":5}},"2":{"start":{"line":6,"column":24},"end":{"line":6,"column":50}},"3":{"start":{"line":7,"column":6},"end":{"line":7,"column":45}},"4":{"start":{"line":9,"column":6},"end":{"line":9,"column":47}},"5":{"start":{"line":13,"column":28},"end":{"line":21,"column":3}},"6":{"start":{"line":14,"column":23},"end":{"line":14,"column":26}},"7":{"start":{"line":15,"column":4},"end":{"line":20,"column":5}},"8":{"start":{"line":16,"column":24},"end":{"line":16,"column":58}},"9":{"start":{"line":17,"column":6},"end":{"line":17,"column":45}},"10":{"start":{"line":19,"column":6},"end":{"line":19,"column":47}},"11":{"start":{"line":23,"column":26},"end":{"line":32,"column":3}},"12":{"start":{"line":24,"column":21},"end":{"line":24,"column":24}},"13":{"start":{"line":25,"column":18},"end":{"line":25,"column":33}},"14":{"start":{"line":26,"column":4},"end":{"line":31,"column":5}},"15":{"start":{"line":27,"column":23},"end":{"line":27,"column":48}},"16":{"start":{"line":28,"column":6},"end":{"line":28,"column":82}},"17":{"start":{"line":30,"column":6},"end":{"line":30,"column":47}},"18":{"start":{"line":34,"column":26},"end":{"line":45,"column":3}},"19":{"start":{"line":35,"column":23},"end":{"line":35,"column":26}},"20":{"start":{"line":36,"column":21},"end":{"line":36,"column":24}},"21":{"start":{"line":37,"column":4},"end":{"line":44,"column":5}},"22":{"start":{"line":38,"column":25},"end":{"line":38,"column":59}},"23":{"start":{"line":39,"column":24},"end":{"line":39,"column":61}},"24":{"start":{"line":40,"column":23},"end":{"line":40,"column":56}},"25":{"start":{"line":41,"column":6},"end":{"line":41,"column":86}},"26":{"start":{"line":43,"column":6},"end":{"line":43,"column":47}},"27":{"start":{"line":47,"column":24},"end":{"line":55,"column":3}},"28":{"start":{"line":48,"column":23},"end":{"line":48,"column":26}},"29":{"start":{"line":49,"column":4},"end":{"line":54,"column":5}},"30":{"start":{"line":50,"column":6},"end":{"line":50,"column":37}},"31":{"start":{"line":51,"column":6},"end":{"line":51,"column":65}},"32":{"start":{"line":53,"column":6},"end":{"line":53,"column":47}},"33":{"start":{"line":57,"column":32},"end":{"line":66,"column":3}},"34":{"start":{"line":58,"column":23},"end":{"line":58,"column":26}},"35":{"start":{"line":59,"column":4},"end":{"line":65,"column":5}},"36":{"start":{"line":60,"column":24},"end":{"line":60,"column":58}},"37":{"start":{"line":61,"column":26},"end":{"line":61,"column":68}},"38":{"start":{"line":62,"column":6},"end":{"line":62,"column":80}},"39":{"start":{"line":64,"column":6},"end":{"line":64,"column":47}}},"fnMap":{"0":{"name":"(anonymous_0)","decl":{"start":{"line":4,"column":25},"end":{"line":4,"column":26}},"loc":{"start":{"line":4,"column":43},"end":{"line":11,"column":3}},"line":4},"1":{"name":"(anonymous_1)","decl":{"start":{"line":13,"column":28},"end":{"line":13,"column":29}},"loc":{"start":{"line":13,"column":48},"end":{"line":21,"column":3}},"line":13},"2":{"name":"(anonymous_2)","decl":{"start":{"line":23,"column":26},"end":{"line":23,"column":27}},"loc":{"start":{"line":23,"column":46},"end":{"line":32,"column":3}},"line":23},"3":{"name":"(anonymous_3)","decl":{"start":{"line":34,"column":26},"end":{"line":34,"column":27}},"loc":{"start":{"line":34,"column":46},"end":{"line":45,"column":3}},"line":34},"4":{"name":"(anonymous_4)","decl":{"start":{"line":47,"column":24},"end":{"line":47,"column":25}},"loc":{"start":{"line":47,"column":44},"end":{"line":55,"column":3}},"line":47},"5":{"name":"(anonymous_5)","decl":{"start":{"line":57,"column":32},"end":{"line":57,"column":33}},"loc":{"start":{"line":57,"column":52},"end":{"line":66,"column":3}},"line":57}},"branchMap":{},"s":{"0":1,"1":0,"2":0,"3":0,"4":0,"5":1,"6":0,"7":0,"8":0,"9":0,"10":0,"11":1,"12":0,"13":0,"14":0,"15":0,"16":0,"17":0,"18":1,"19":0,"20":0,"21":0,"22":0,"23":0,"24":0,"25":0,"26":0,"27":1,"28":0,"29":0,"30":0,"31":0,"32":0,"33":1,"34":0,"35":0,"36":0,"37":0,"38":0,"39":0},"f":{"0":0,"1":0,"2":0,"3":0,"4":0,"5":0},"b":{},"_coverageSchema":"1a1c01bbd47fc00a2c39e90264f33305004495a9","hash":"679ba247541684bc2e8172ea397eb66611e73092"}
,"/Users/Central/Documents/Alura/2495_node_testes/src/controllers/editorasController.js": {"path":"/Users/Central/Documents/Alura/2495_node_testes/src/controllers/editorasController.js","statementMap":{"0":{"start":{"line":4,"column":26},"end":{"line":11,"column":3}},"1":{"start":{"line":5,"column":4},"end":{"line":10,"column":5}},"2":{"start":{"line":6,"column":24},"end":{"line":6,"column":53}},"3":{"start":{"line":7,"column":6},"end":{"line":7,"column":45}},"4":{"start":{"line":9,"column":6},"end":{"line":9,"column":47}},"5":{"start":{"line":13,"column":30},"end":{"line":21,"column":3}},"6":{"start":{"line":14,"column":23},"end":{"line":14,"column":26}},"7":{"start":{"line":15,"column":4},"end":{"line":20,"column":5}},"8":{"start":{"line":16,"column":24},"end":{"line":16,"column":60}},"9":{"start":{"line":17,"column":6},"end":{"line":17,"column":45}},"10":{"start":{"line":19,"column":6},"end":{"line":19,"column":47}},"11":{"start":{"line":23,"column":28},"end":{"line":32,"column":3}},"12":{"start":{"line":24,"column":21},"end":{"line":24,"column":24}},"13":{"start":{"line":25,"column":20},"end":{"line":25,"column":37}},"14":{"start":{"line":26,"column":4},"end":{"line":31,"column":5}},"15":{"start":{"line":27,"column":23},"end":{"line":27,"column":52}},"16":{"start":{"line":28,"column":6},"end":{"line":28,"column":84}},"17":{"start":{"line":30,"column":6},"end":{"line":30,"column":47}},"18":{"start":{"line":34,"column":28},"end":{"line":45,"column":3}},"19":{"start":{"line":35,"column":23},"end":{"line":35,"column":26}},"20":{"start":{"line":36,"column":21},"end":{"line":36,"column":24}},"21":{"start":{"line":37,"column":4},"end":{"line":44,"column":5}},"22":{"start":{"line":38,"column":27},"end":{"line":38,"column":63}},"23":{"start":{"line":39,"column":26},"end":{"line":39,"column":67}},"24":{"start":{"line":40,"column":23},"end":{"line":40,"column":60}},"25":{"start":{"line":41,"column":6},"end":{"line":41,"column":88}},"26":{"start":{"line":43,"column":6},"end":{"line":43,"column":47}},"27":{"start":{"line":47,"column":26},"end":{"line":55,"column":3}},"28":{"start":{"line":48,"column":23},"end":{"line":48,"column":26}},"29":{"start":{"line":49,"column":4},"end":{"line":54,"column":5}},"30":{"start":{"line":50,"column":6},"end":{"line":50,"column":39}},"31":{"start":{"line":51,"column":6},"end":{"line":51,"column":67}},"32":{"start":{"line":53,"column":6},"end":{"line":53,"column":47}},"33":{"start":{"line":57,"column":34},"end":{"line":66,"column":3}},"34":{"start":{"line":58,"column":23},"end":{"line":58,"column":26}},"35":{"start":{"line":59,"column":4},"end":{"line":65,"column":5}},"36":{"start":{"line":60,"column":24},"end":{"line":60,"column":60}},"37":{"start":{"line":61,"column":26},"end":{"line":61,"column":72}},"38":{"start":{"line":62,"column":6},"end":{"line":62,"column":82}},"39":{"start":{"line":64,"column":6},"end":{"line":64,"column":47}}},"fnMap":{"0":{"name":"(anonymous_0)","decl":{"start":{"line":4,"column":26},"end":{"line":4,"column":27}},"loc":{"start":{"line":4,"column":44},"end":{"line":11,"column":3}},"line":4},"1":{"name":"(anonymous_1)","decl":{"start":{"line":13,"column":30},"end":{"line":13,"column":31}},"loc":{"start":{"line":13,"column":50},"end":{"line":21,"column":3}},"line":13},"2":{"name":"(anonymous_2)","decl":{"start":{"line":23,"column":28},"end":{"line":23,"column":29}},"loc":{"start":{"line":23,"column":48},"end":{"line":32,"column":3}},"line":23},"3":{"name":"(anonymous_3)","decl":{"start":{"line":34,"column":28},"end":{"line":34,"column":29}},"loc":{"start":{"line":34,"column":48},"end":{"line":45,"column":3}},"line":34},"4":{"name":"(anonymous_4)","decl":{"start":{"line":47,"column":26},"end":{"line":47,"column":27}},"loc":{"start":{"line":47,"column":46},"end":{"line":55,"column":3}},"line":47},"5":{"name":"(anonymous_5)","decl":{"start":{"line":57,"column":34},"end":{"line":57,"column":35}},"loc":{"start":{"line":57,"column":54},"end":{"line":66,"column":3}},"line":57}},"branchMap":{},"s":{"0":1,"1":1,"2":1,"3":1,"4":0,"5":1,"6":1,"7":1,"8":1,"9":1,"10":0,"11":1,"12":1,"13":1,"14":1,"15":1,"16":1,"17":0,"18":1,"19":1,"20":1,"21":1,"22":1,"23":1,"24":1,"25":1,"26":0,"27":1,"28":1,"29":1,"30":1,"31":1,"32":0,"33":1,"34":1,"35":1,"36":1,"37":1,"38":1,"39":0},"f":{"0":1,"1":1,"2":1,"3":1,"4":1,"5":1},"b":{},"_coverageSchema":"1a1c01bbd47fc00a2c39e90264f33305004495a9","hash":"916a6b5b59ea104e5c8234d86cf399ebda5258c4"}
,"/Users/Central/Documents/Alura/2495_node_testes/src/controllers/livrosController.js": {"path":"/Users/Central/Documents/Alura/2495_node_testes/src/controllers/livrosController.js","statementMap":{"0":{"start":{"line":4,"column":24},"end":{"line":11,"column":3}},"1":{"start":{"line":5,"column":4},"end":{"line":10,"column":5}},"2":{"start":{"line":6,"column":24},"end":{"line":6,"column":49}},"3":{"start":{"line":7,"column":6},"end":{"line":7,"column":45}},"4":{"start":{"line":9,"column":6},"end":{"line":9,"column":47}},"5":{"start":{"line":13,"column":28},"end":{"line":21,"column":3}},"6":{"start":{"line":14,"column":23},"end":{"line":14,"column":26}},"7":{"start":{"line":15,"column":4},"end":{"line":20,"column":5}},"8":{"start":{"line":16,"column":24},"end":{"line":16,"column":58}},"9":{"start":{"line":17,"column":6},"end":{"line":17,"column":45}},"10":{"start":{"line":19,"column":6},"end":{"line":19,"column":47}},"11":{"start":{"line":23,"column":26},"end":{"line":32,"column":3}},"12":{"start":{"line":24,"column":21},"end":{"line":24,"column":24}},"13":{"start":{"line":25,"column":18},"end":{"line":25,"column":33}},"14":{"start":{"line":26,"column":4},"end":{"line":31,"column":5}},"15":{"start":{"line":27,"column":23},"end":{"line":27,"column":48}},"16":{"start":{"line":28,"column":6},"end":{"line":28,"column":82}},"17":{"start":{"line":30,"column":6},"end":{"line":30,"column":47}},"18":{"start":{"line":34,"column":26},"end":{"line":45,"column":3}},"19":{"start":{"line":35,"column":23},"end":{"line":35,"column":26}},"20":{"start":{"line":36,"column":21},"end":{"line":36,"column":24}},"21":{"start":{"line":37,"column":4},"end":{"line":44,"column":5}},"22":{"start":{"line":38,"column":25},"end":{"line":38,"column":59}},"23":{"start":{"line":39,"column":24},"end":{"line":39,"column":61}},"24":{"start":{"line":40,"column":23},"end":{"line":40,"column":56}},"25":{"start":{"line":41,"column":6},"end":{"line":41,"column":86}},"26":{"start":{"line":43,"column":6},"end":{"line":43,"column":47}},"27":{"start":{"line":47,"column":24},"end":{"line":55,"column":3}},"28":{"start":{"line":48,"column":23},"end":{"line":48,"column":26}},"29":{"start":{"line":49,"column":4},"end":{"line":54,"column":5}},"30":{"start":{"line":50,"column":6},"end":{"line":50,"column":37}},"31":{"start":{"line":51,"column":6},"end":{"line":51,"column":65}},"32":{"start":{"line":53,"column":6},"end":{"line":53,"column":47}}},"fnMap":{"0":{"name":"(anonymous_0)","decl":{"start":{"line":4,"column":24},"end":{"line":4,"column":25}},"loc":{"start":{"line":4,"column":42},"end":{"line":11,"column":3}},"line":4},"1":{"name":"(anonymous_1)","decl":{"start":{"line":13,"column":28},"end":{"line":13,"column":29}},"loc":{"start":{"line":13,"column":48},"end":{"line":21,"column":3}},"line":13},"2":{"name":"(anonymous_2)","decl":{"start":{"line":23,"column":26},"end":{"line":23,"column":27}},"loc":{"start":{"line":23,"column":46},"end":{"line":32,"column":3}},"line":23},"3":{"name":"(anonymous_3)","decl":{"start":{"line":34,"column":26},"end":{"line":34,"column":27}},"loc":{"start":{"line":34,"column":46},"end":{"line":45,"column":3}},"line":34},"4":{"name":"(anonymous_4)","decl":{"start":{"line":47,"column":24},"end":{"line":47,"column":25}},"loc":{"start":{"line":47,"column":44},"end":{"line":55,"column":3}},"line":47}},"branchMap":{},"s":{"0":1,"1":0,"2":0,"3":0,"4":0,"5":1,"6":0,"7":0,"8":0,"9":0,"10":0,"11":1,"12":0,"13":0,"14":0,"15":0,"16":0,"17":0,"18":1,"19":0,"20":0,"21":0,"22":0,"23":0,"24":0,"25":0,"26":0,"27":1,"28":0,"29":0,"30":0,"31":0,"32":0},"f":{"0":0,"1":0,"2":0,"3":0,"4":0},"b":{},"_coverageSchema":"1a1c01bbd47fc00a2c39e90264f33305004495a9","hash":"f2055d87e8e978a01b56c35a7cc2981fce3401fd"}
,"/Users/Central/Documents/Alura/2495_node_testes/src/db/dbconfig.js": {"path":"/Users/Central/Documents/Alura/2495_node_testes/src/db/dbconfig.js","statementMap":{"0":{"start":{"line":5,"column":19},"end":{"line":5,"column":49}},"1":{"start":{"line":6,"column":18},"end":{"line":6,"column":42}},"2":{"start":{"line":8,"column":11},"end":{"line":14,"column":2}}},"fnMap":{},"branchMap":{},"s":{"0":2,"1":2,"2":2},"f":{},"b":{},"_coverageSchema":"1a1c01bbd47fc00a2c39e90264f33305004495a9","hash":"252507d10141ad9f697508ebdf0a0df82ca11b61"}
,"/Users/Central/Documents/Alura/2495_node_testes/src/models/autor.js": {"path":"/Users/Central/Documents/Alura/2495_node_testes/src/models/autor.js","statementMap":{"0":{"start":{"line":11,"column":4},"end":{"line":11,"column":25}},"1":{"start":{"line":12,"column":4},"end":{"line":12,"column":21}},"2":{"start":{"line":13,"column":4},"end":{"line":13,"column":39}},"3":{"start":{"line":14,"column":4},"end":{"line":14,"column":61}},"4":{"start":{"line":15,"column":4},"end":{"line":15,"column":61}},"5":{"start":{"line":19,"column":4},"end":{"line":19,"column":42}},"6":{"start":{"line":23,"column":22},"end":{"line":23,"column":72}},"7":{"start":{"line":24,"column":4},"end":{"line":24,"column":24}},"8":{"start":{"line":28,"column":4},"end":{"line":31,"column":72}},"9":{"start":{"line":29,"column":32},"end":{"line":30,"column":39}},"10":{"start":{"line":31,"column":37},"end":{"line":31,"column":70}},"11":{"start":{"line":36,"column":4},"end":{"line":38,"column":65}},"12":{"start":{"line":40,"column":4},"end":{"line":40,"column":56}},"13":{"start":{"line":45,"column":4},"end":{"line":47,"column":13}},"14":{"start":{"line":54,"column":4},"end":{"line":57,"column":5}},"15":{"start":{"line":55,"column":24},"end":{"line":55,"column":53}},"16":{"start":{"line":56,"column":6},"end":{"line":56,"column":23}},"17":{"start":{"line":58,"column":22},"end":{"line":58,"column":40}},"18":{"start":{"line":59,"column":4},"end":{"line":59,"column":21}},"19":{"start":{"line":63,"column":4},"end":{"line":64,"column":36}}},"fnMap":{"0":{"name":"(anonymous_0)","decl":{"start":{"line":4,"column":2},"end":{"line":4,"column":3}},"loc":{"start":{"line":10,"column":5},"end":{"line":16,"column":3}},"line":10},"1":{"name":"(anonymous_1)","decl":{"start":{"line":18,"column":2},"end":{"line":18,"column":3}},"loc":{"start":{"line":18,"column":30},"end":{"line":20,"column":3}},"line":18},"2":{"name":"(anonymous_2)","decl":{"start":{"line":22,"column":2},"end":{"line":22,"column":3}},"loc":{"start":{"line":22,"column":31},"end":{"line":25,"column":3}},"line":22},"3":{"name":"(anonymous_3)","decl":{"start":{"line":27,"column":2},"end":{"line":27,"column":3}},"loc":{"start":{"line":27,"column":16},"end":{"line":32,"column":3}},"line":27},"4":{"name":"(anonymous_4)","decl":{"start":{"line":29,"column":12},"end":{"line":29,"column":13}},"loc":{"start":{"line":29,"column":32},"end":{"line":30,"column":39}},"line":29},"5":{"name":"(anonymous_5)","decl":{"start":{"line":31,"column":12},"end":{"line":31,"column":13}},"loc":{"start":{"line":31,"column":37},"end":{"line":31,"column":70}},"line":31},"6":{"name":"(anonymous_6)","decl":{"start":{"line":34,"column":2},"end":{"line":34,"column":3}},"loc":{"start":{"line":34,"column":22},"end":{"line":41,"column":3}},"line":34},"7":{"name":"(anonymous_7)","decl":{"start":{"line":43,"column":2},"end":{"line":43,"column":3}},"loc":{"start":{"line":43,"column":27},"end":{"line":48,"column":3}},"line":43},"8":{"name":"(anonymous_8)","decl":{"start":{"line":50,"column":2},"end":{"line":50,"column":3}},"loc":{"start":{"line":50,"column":17},"end":{"line":60,"column":3}},"line":50},"9":{"name":"(anonymous_9)","decl":{"start":{"line":62,"column":2},"end":{"line":62,"column":3}},"loc":{"start":{"line":62,"column":44},"end":{"line":65,"column":3}},"line":62}},"branchMap":{"0":{"loc":{"start":{"line":11,"column":14},"end":{"line":11,"column":24}},"type":"binary-expr","locations":[{"start":{"line":11,"column":14},"end":{"line":11,"column":16}},{"start":{"line":11,"column":20},"end":{"line":11,"column":24}}],"line":11},"1":{"loc":{"start":{"line":14,"column":22},"end":{"line":14,"column":60}},"type":"binary-expr","locations":[{"start":{"line":14,"column":22},"end":{"line":14,"column":32}},{"start":{"line":14,"column":36},"end":{"line":14,"column":60}}],"line":14},"2":{"loc":{"start":{"line":15,"column":22},"end":{"line":15,"column":60}},"type":"binary-expr","locations":[{"start":{"line":15,"column":22},"end":{"line":15,"column":32}},{"start":{"line":15,"column":36},"end":{"line":15,"column":60}}],"line":15},"3":{"loc":{"start":{"line":54,"column":4},"end":{"line":57,"column":5}},"type":"if","locations":[{"start":{"line":54,"column":4},"end":{"line":57,"column":5}},{"start":{},"end":{}}],"line":54}},"s":{"0":0,"1":0,"2":0,"3":0,"4":0,"5":0,"6":0,"7":0,"8":0,"9":0,"10":0,"11":0,"12":0,"13":0,"14":0,"15":0,"16":0,"17":0,"18":0,"19":0},"f":{"0":0,"1":0,"2":0,"3":0,"4":0,"5":0,"6":0,"7":0,"8":0,"9":0},"b":{"0":[0,0],"1":[0,0],"2":[0,0],"3":[0,0]},"_coverageSchema":"1a1c01bbd47fc00a2c39e90264f33305004495a9","hash":"ccb9f8a9d1f503695cde8989aada415038e4887c"}
,"/Users/Central/Documents/Alura/2495_node_testes/src/models/editora.js": {"path":"/Users/Central/Documents/Alura/2495_node_testes/src/models/editora.js","statementMap":{"0":{"start":{"line":5,"column":4},"end":{"line":5,"column":25}},"1":{"start":{"line":6,"column":4},"end":{"line":6,"column":21}},"2":{"start":{"line":7,"column":4},"end":{"line":7,"column":25}},"3":{"start":{"line":8,"column":4},"end":{"line":8,"column":23}},"4":{"start":{"line":9,"column":4},"end":{"line":9,"column":61}},"5":{"start":{"line":10,"column":4},"end":{"line":10,"column":61}},"6":{"start":{"line":14,"column":4},"end":{"line":14,"column":43}},"7":{"start":{"line":18,"column":22},"end":{"line":18,"column":73}},"8":{"start":{"line":19,"column":4},"end":{"line":19,"column":24}},"9":{"start":{"line":23,"column":4},"end":{"line":26,"column":74}},"10":{"start":{"line":25,"column":32},"end":{"line":25,"column":77}},"11":{"start":{"line":26,"column":37},"end":{"line":26,"column":72}},"12":{"start":{"line":31,"column":4},"end":{"line":33,"column":65}},"13":{"start":{"line":35,"column":4},"end":{"line":35,"column":57}},"14":{"start":{"line":40,"column":4},"end":{"line":40,"column":45}},"15":{"start":{"line":47,"column":4},"end":{"line":49,"column":5}},"16":{"start":{"line":48,"column":6},"end":{"line":48,"column":37}},"17":{"start":{"line":50,"column":4},"end":{"line":50,"column":24}},"18":{"start":{"line":54,"column":4},"end":{"line":54,"column":57}}},"fnMap":{"0":{"name":"(anonymous_0)","decl":{"start":{"line":4,"column":2},"end":{"line":4,"column":3}},"loc":{"start":{"line":4,"column":67},"end":{"line":11,"column":3}},"line":4},"1":{"name":"(anonymous_1)","decl":{"start":{"line":13,"column":2},"end":{"line":13,"column":3}},"loc":{"start":{"line":13,"column":31},"end":{"line":15,"column":3}},"line":13},"2":{"name":"(anonymous_2)","decl":{"start":{"line":17,"column":2},"end":{"line":17,"column":3}},"loc":{"start":{"line":17,"column":31},"end":{"line":20,"column":3}},"line":17},"3":{"name":"(anonymous_3)","decl":{"start":{"line":22,"column":2},"end":{"line":22,"column":3}},"loc":{"start":{"line":22,"column":16},"end":{"line":27,"column":3}},"line":22},"4":{"name":"(anonymous_4)","decl":{"start":{"line":25,"column":12},"end":{"line":25,"column":13}},"loc":{"start":{"line":25,"column":32},"end":{"line":25,"column":77}},"line":25},"5":{"name":"(anonymous_5)","decl":{"start":{"line":26,"column":12},"end":{"line":26,"column":13}},"loc":{"start":{"line":26,"column":37},"end":{"line":26,"column":72}},"line":26},"6":{"name":"(anonymous_6)","decl":{"start":{"line":29,"column":2},"end":{"line":29,"column":3}},"loc":{"start":{"line":29,"column":22},"end":{"line":36,"column":3}},"line":29},"7":{"name":"(anonymous_7)","decl":{"start":{"line":38,"column":2},"end":{"line":38,"column":3}},"loc":{"start":{"line":38,"column":27},"end":{"line":41,"column":3}},"line":38},"8":{"name":"(anonymous_8)","decl":{"start":{"line":43,"column":2},"end":{"line":43,"column":3}},"loc":{"start":{"line":43,"column":17},"end":{"line":51,"column":3}},"line":43},"9":{"name":"(anonymous_9)","decl":{"start":{"line":53,"column":2},"end":{"line":53,"column":3}},"loc":{"start":{"line":53,"column":48},"end":{"line":55,"column":3}},"line":53}},"branchMap":{"0":{"loc":{"start":{"line":5,"column":14},"end":{"line":5,"column":24}},"type":"binary-expr","locations":[{"start":{"line":5,"column":14},"end":{"line":5,"column":16}},{"start":{"line":5,"column":20},"end":{"line":5,"column":24}}],"line":5},"1":{"loc":{"start":{"line":9,"column":22},"end":{"line":9,"column":60}},"type":"binary-expr","locations":[{"start":{"line":9,"column":22},"end":{"line":9,"column":32}},{"start":{"line":9,"column":36},"end":{"line":9,"column":60}}],"line":9},"2":{"loc":{"start":{"line":10,"column":22},"end":{"line":10,"column":60}},"type":"binary-expr","locations":[{"start":{"line":10,"column":22},"end":{"line":10,"column":32}},{"start":{"line":10,"column":36},"end":{"line":10,"column":60}}],"line":10},"3":{"loc":{"start":{"line":47,"column":4},"end":{"line":49,"column":5}},"type":"if","locations":[{"start":{"line":47,"column":4},"end":{"line":49,"column":5}},{"start":{},"end":{}}],"line":47}},"s":{"0":7,"1":7,"2":7,"3":7,"4":7,"5":7,"6":3,"7":6,"8":6,"9":1,"10":1,"11":1,"12":3,"13":3,"14":1,"15":3,"16":2,"17":1,"18":2},"f":{"0":7,"1":3,"2":6,"3":1,"4":1,"5":1,"6":3,"7":1,"8":3,"9":2},"b":{"0":[7,3],"1":[7,5],"2":[7,5],"3":[2,1]},"_coverageSchema":"1a1c01bbd47fc00a2c39e90264f33305004495a9","hash":"cc98be1299d943906b45d98ff77c43d4c4c45f76"}
,"/Users/Central/Documents/Alura/2495_node_testes/src/models/livro.js": {"path":"/Users/Central/Documents/Alura/2495_node_testes/src/models/livro.js","statementMap":{"0":{"start":{"line":13,"column":4},"end":{"line":13,"column":25}},"1":{"start":{"line":14,"column":4},"end":{"line":14,"column":25}},"2":{"start":{"line":15,"column":4},"end":{"line":15,"column":27}},"3":{"start":{"line":16,"column":4},"end":{"line":16,"column":33}},"4":{"start":{"line":17,"column":4},"end":{"line":17,"column":29}},"5":{"start":{"line":18,"column":4},"end":{"line":18,"column":61}},"6":{"start":{"line":19,"column":4},"end":{"line":19,"column":61}},"7":{"start":{"line":23,"column":4},"end":{"line":23,"column":41}},"8":{"start":{"line":27,"column":22},"end":{"line":27,"column":71}},"9":{"start":{"line":28,"column":4},"end":{"line":28,"column":24}},"10":{"start":{"line":32,"column":4},"end":{"line":35,"column":72}},"11":{"start":{"line":33,"column":32},"end":{"line":34,"column":39}},"12":{"start":{"line":35,"column":37},"end":{"line":35,"column":70}},"13":{"start":{"line":40,"column":4},"end":{"line":42,"column":65}},"14":{"start":{"line":44,"column":4},"end":{"line":44,"column":55}},"15":{"start":{"line":49,"column":4},"end":{"line":51,"column":13}},"16":{"start":{"line":58,"column":4},"end":{"line":61,"column":5}},"17":{"start":{"line":59,"column":24},"end":{"line":59,"column":53}},"18":{"start":{"line":60,"column":6},"end":{"line":60,"column":23}},"19":{"start":{"line":62,"column":22},"end":{"line":62,"column":40}},"20":{"start":{"line":63,"column":4},"end":{"line":63,"column":21}}},"fnMap":{"0":{"name":"(anonymous_0)","decl":{"start":{"line":4,"column":2},"end":{"line":4,"column":3}},"loc":{"start":{"line":12,"column":5},"end":{"line":20,"column":3}},"line":12},"1":{"name":"(anonymous_1)","decl":{"start":{"line":22,"column":2},"end":{"line":22,"column":3}},"loc":{"start":{"line":22,"column":29},"end":{"line":24,"column":3}},"line":22},"2":{"name":"(anonymous_2)","decl":{"start":{"line":26,"column":2},"end":{"line":26,"column":3}},"loc":{"start":{"line":26,"column":31},"end":{"line":29,"column":3}},"line":26},"3":{"name":"(anonymous_3)","decl":{"start":{"line":31,"column":2},"end":{"line":31,"column":3}},"loc":{"start":{"line":31,"column":16},"end":{"line":36,"column":3}},"line":31},"4":{"name":"(anonymous_4)","decl":{"start":{"line":33,"column":12},"end":{"line":33,"column":13}},"loc":{"start":{"line":33,"column":32},"end":{"line":34,"column":39}},"line":33},"5":{"name":"(anonymous_5)","decl":{"start":{"line":35,"column":12},"end":{"line":35,"column":13}},"loc":{"start":{"line":35,"column":37},"end":{"line":35,"column":70}},"line":35},"6":{"name":"(anonymous_6)","decl":{"start":{"line":38,"column":2},"end":{"line":38,"column":3}},"loc":{"start":{"line":38,"column":22},"end":{"line":45,"column":3}},"line":38},"7":{"name":"(anonymous_7)","decl":{"start":{"line":47,"column":2},"end":{"line":47,"column":3}},"loc":{"start":{"line":47,"column":27},"end":{"line":52,"column":3}},"line":47},"8":{"name":"(anonymous_8)","decl":{"start":{"line":54,"column":2},"end":{"line":54,"column":3}},"loc":{"start":{"line":54,"column":17},"end":{"line":64,"column":3}},"line":54}},"branchMap":{"0":{"loc":{"start":{"line":13,"column":14},"end":{"line":13,"column":24}},"type":"binary-expr","locations":[{"start":{"line":13,"column":14},"end":{"line":13,"column":16}},{"start":{"line":13,"column":20},"end":{"line":13,"column":24}}],"line":13},"1":{"loc":{"start":{"line":18,"column":22},"end":{"line":18,"column":60}},"type":"binary-expr","locations":[{"start":{"line":18,"column":22},"end":{"line":18,"column":32}},{"start":{"line":18,"column":36},"end":{"line":18,"column":60}}],"line":18},"2":{"loc":{"start":{"line":19,"column":22},"end":{"line":19,"column":60}},"type":"binary-expr","locations":[{"start":{"line":19,"column":22},"end":{"line":19,"column":32}},{"start":{"line":19,"column":36},"end":{"line":19,"column":60}}],"line":19},"3":{"loc":{"start":{"line":58,"column":4},"end":{"line":61,"column":5}},"type":"if","locations":[{"start":{"line":58,"column":4},"end":{"line":61,"column":5}},{"start":{},"end":{}}],"line":58}},"s":{"0":0,"1":0,"2":0,"3":0,"4":0,"5":0,"6":0,"7":0,"8":0,"9":0,"10":0,"11":0,"12":0,"13":0,"14":0,"15":0,"16":0,"17":0,"18":0,"19":0,"20":0},"f":{"0":0,"1":0,"2":0,"3":0,"4":0,"5":0,"6":0,"7":0,"8":0},"b":{"0":[0,0],"1":[0,0],"2":[0,0],"3":[0,0]},"_coverageSchema":"1a1c01bbd47fc00a2c39e90264f33305004495a9","hash":"38f1bc03405cd97519133f2a21f4599271a40485"}
,"/Users/Central/Documents/Alura/2495_node_testes/src/routes/autoresRoutes.js": {"path":"/Users/Central/Documents/Alura/2495_node_testes/src/routes/autoresRoutes.js","statementMap":{"0":{"start":{"line":4,"column":15},"end":{"line":4,"column":31}},"1":{"start":{"line":6,"column":0},"end":{"line":12,"column":58}}},"fnMap":{},"branchMap":{},"s":{"0":1,"1":1},"f":{},"b":{},"_coverageSchema":"1a1c01bbd47fc00a2c39e90264f33305004495a9","hash":"db6ca095bed96dbe7b6d1e313fc640ebdc1f2f87"}
,"/Users/Central/Documents/Alura/2495_node_testes/src/routes/editorasRoutes.js": {"path":"/Users/Central/Documents/Alura/2495_node_testes/src/routes/editorasRoutes.js","statementMap":{"0":{"start":{"line":4,"column":15},"end":{"line":4,"column":31}},"1":{"start":{"line":6,"column":0},"end":{"line":12,"column":62}}},"fnMap":{},"branchMap":{},"s":{"0":1,"1":1},"f":{},"b":{},"_coverageSchema":"1a1c01bbd47fc00a2c39e90264f33305004495a9","hash":"3e9066c6cbfa370d5c89c8c92dde281370ee378b"}
,"/Users/Central/Documents/Alura/2495_node_testes/src/routes/index.js": {"path":"/Users/Central/Documents/Alura/2495_node_testes/src/routes/index.js","statementMap":{"0":{"start":{"line":6,"column":15},"end":{"line":17,"column":1}},"1":{"start":{"line":7,"column":2},"end":{"line":9,"column":5}},"2":{"start":{"line":8,"column":4},"end":{"line":8,"column":54}},"3":{"start":{"line":11,"column":2},"end":{"line":16,"column":4}}},"fnMap":{"0":{"name":"(anonymous_0)","decl":{"start":{"line":6,"column":15},"end":{"line":6,"column":16}},"loc":{"start":{"line":6,"column":24},"end":{"line":17,"column":1}},"line":6},"1":{"name":"(anonymous_1)","decl":{"start":{"line":7,"column":21},"end":{"line":7,"column":22}},"loc":{"start":{"line":7,"column":33},"end":{"line":9,"column":3}},"line":7}},"branchMap":{},"s":{"0":1,"1":1,"2":0,"3":1},"f":{"0":1,"1":0},"b":{},"_coverageSchema":"1a1c01bbd47fc00a2c39e90264f33305004495a9","hash":"fa4a7c91abf6eb0aeb2da34712f333e2114a4991"}
,"/Users/Central/Documents/Alura/2495_node_testes/src/routes/livrosRoutes.js": {"path":"/Users/Central/Documents/Alura/2495_node_testes/src/routes/livrosRoutes.js","statementMap":{"0":{"start":{"line":4,"column":15},"end":{"line":4,"column":31}},"1":{"start":{"line":6,"column":0},"end":{"line":11,"column":56}}},"fnMap":{},"branchMap":{},"s":{"0":1,"1":1},"f":{},"b":{},"_coverageSchema":"1a1c01bbd47fc00a2c39e90264f33305004495a9","hash":"28d0e4c6f39dbf69f60c49d68f6a866ac1641802"}
}
