TN:
SF:src/app.js
FNF:0
FNH:0
DA:4,1
DA:5,1
DA:6,1
LF:3
LH:3
BRF:0
BRH:0
end_of_record
TN:
SF:src/controllers/autoresController.js
FN:4,(anonymous_0)
FN:13,(anonymous_1)
FN:23,(anonymous_2)
FN:34,(anonymous_3)
FN:47,(anonymous_4)
FN:57,(anonymous_5)
FNF:6
FNH:0
FNDA:0,(anonymous_0)
FNDA:0,(anonymous_1)
FNDA:0,(anonymous_2)
FNDA:0,(anonymous_3)
FNDA:0,(anonymous_4)
FNDA:0,(anonymous_5)
DA:4,1
DA:5,0
DA:6,0
DA:7,0
DA:9,0
DA:13,1
DA:14,0
DA:15,0
DA:16,0
DA:17,0
DA:19,0
DA:23,1
DA:24,0
DA:25,0
DA:26,0
DA:27,0
DA:28,0
DA:30,0
DA:34,1
DA:35,0
DA:36,0
DA:37,0
DA:38,0
DA:39,0
DA:40,0
DA:41,0
DA:43,0
DA:47,1
DA:48,0
DA:49,0
DA:50,0
DA:51,0
DA:53,0
DA:57,1
DA:58,0
DA:59,0
DA:60,0
DA:61,0
DA:62,0
DA:64,0
LF:40
LH:6
BRF:0
BRH:0
end_of_record
TN:
SF:src/controllers/editorasController.js
FN:4,(anonymous_0)
FN:13,(anonymous_1)
FN:23,(anonymous_2)
FN:34,(anonymous_3)
FN:47,(anonymous_4)
FN:57,(anonymous_5)
FNF:6
FNH:6
FNDA:1,(anonymous_0)
FNDA:1,(anonymous_1)
FNDA:1,(anonymous_2)
FNDA:1,(anonymous_3)
FNDA:1,(anonymous_4)
FNDA:1,(anonymous_5)
DA:4,1
DA:5,1
DA:6,1
DA:7,1
DA:9,0
DA:13,1
DA:14,1
DA:15,1
DA:16,1
DA:17,1
DA:19,0
DA:23,1
DA:24,1
DA:25,1
DA:26,1
DA:27,1
DA:28,1
DA:30,0
DA:34,1
DA:35,1
DA:36,1
DA:37,1
DA:38,1
DA:39,1
DA:40,1
DA:41,1
DA:43,0
DA:47,1
DA:48,1
DA:49,1
DA:50,1
DA:51,1
DA:53,0
DA:57,1
DA:58,1
DA:59,1
DA:60,1
DA:61,1
DA:62,1
DA:64,0
LF:40
LH:34
BRF:0
BRH:0
end_of_record
TN:
SF:src/controllers/livrosController.js
FN:4,(anonymous_0)
FN:13,(anonymous_1)
FN:23,(anonymous_2)
FN:34,(anonymous_3)
FN:47,(anonymous_4)
FNF:5
FNH:0
FNDA:0,(anonymous_0)
FNDA:0,(anonymous_1)
FNDA:0,(anonymous_2)
FNDA:0,(anonymous_3)
FNDA:0,(anonymous_4)
DA:4,1
DA:5,0
DA:6,0
DA:7,0
DA:9,0
DA:13,1
DA:14,0
DA:15,0
DA:16,0
DA:17,0
DA:19,0
DA:23,1
DA:24,0
DA:25,0
DA:26,0
DA:27,0
DA:28,0
DA:30,0
DA:34,1
DA:35,0
DA:36,0
DA:37,0
DA:38,0
DA:39,0
DA:40,0
DA:41,0
DA:43,0
DA:47,1
DA:48,0
DA:49,0
DA:50,0
DA:51,0
DA:53,0
LF:33
LH:5
BRF:0
BRH:0
end_of_record
TN:
SF:src/db/dbconfig.js
FNF:0
FNH:0
DA:5,2
DA:6,2
DA:8,2
LF:3
LH:3
BRF:0
BRH:0
end_of_record
TN:
SF:src/models/autor.js
FN:4,(anonymous_0)
FN:18,(anonymous_1)
FN:22,(anonymous_2)
FN:27,(anonymous_3)
FN:29,(anonymous_4)
FN:31,(anonymous_5)
FN:34,(anonymous_6)
FN:43,(anonymous_7)
FN:50,(anonymous_8)
FN:62,(anonymous_9)
FNF:10
FNH:0
FNDA:0,(anonymous_0)
FNDA:0,(anonymous_1)
FNDA:0,(anonymous_2)
FNDA:0,(anonymous_3)
FNDA:0,(anonymous_4)
FNDA:0,(anonymous_5)
FNDA:0,(anonymous_6)
FNDA:0,(anonymous_7)
FNDA:0,(anonymous_8)
FNDA:0,(anonymous_9)
DA:11,0
DA:12,0
DA:13,0
DA:14,0
DA:15,0
DA:19,0
DA:23,0
DA:24,0
DA:28,0
DA:29,0
DA:31,0
DA:36,0
DA:40,0
DA:45,0
DA:54,0
DA:55,0
DA:56,0
DA:58,0
DA:59,0
DA:63,0
LF:20
LH:0
BRDA:11,0,0,0
BRDA:11,0,1,0
BRDA:14,1,0,0
BRDA:14,1,1,0
BRDA:15,2,0,0
BRDA:15,2,1,0
BRDA:54,3,0,0
BRDA:54,3,1,0
BRF:8
BRH:0
end_of_record
TN:
SF:src/models/editora.js
FN:4,(anonymous_0)
FN:13,(anonymous_1)
FN:17,(anonymous_2)
FN:22,(anonymous_3)
FN:25,(anonymous_4)
FN:26,(anonymous_5)
FN:29,(anonymous_6)
FN:38,(anonymous_7)
FN:43,(anonymous_8)
FN:53,(anonymous_9)
FNF:10
FNH:10
FNDA:7,(anonymous_0)
FNDA:3,(anonymous_1)
FNDA:6,(anonymous_2)
FNDA:1,(anonymous_3)
FNDA:1,(anonymous_4)
FNDA:1,(anonymous_5)
FNDA:3,(anonymous_6)
FNDA:1,(anonymous_7)
FNDA:3,(anonymous_8)
FNDA:2,(anonymous_9)
DA:5,7
DA:6,7
DA:7,7
DA:8,7
DA:9,7
DA:10,7
DA:14,3
DA:18,6
DA:19,6
DA:23,1
DA:25,1
DA:26,1
DA:31,3
DA:35,3
DA:40,1
DA:47,3
DA:48,2
DA:50,1
DA:54,2
LF:19
LH:19
BRDA:5,0,0,7
BRDA:5,0,1,3
BRDA:9,1,0,7
BRDA:9,1,1,5
BRDA:10,2,0,7
BRDA:10,2,1,5
BRDA:47,3,0,2
BRDA:47,3,1,1
BRF:8
BRH:8
end_of_record
TN:
SF:src/models/livro.js
FN:4,(anonymous_0)
FN:22,(anonymous_1)
FN:26,(anonymous_2)
FN:31,(anonymous_3)
FN:33,(anonymous_4)
FN:35,(anonymous_5)
FN:38,(anonymous_6)
FN:47,(anonymous_7)
FN:54,(anonymous_8)
FNF:9
FNH:0
FNDA:0,(anonymous_0)
FNDA:0,(anonymous_1)
FNDA:0,(anonymous_2)
FNDA:0,(anonymous_3)
FNDA:0,(anonymous_4)
FNDA:0,(anonymous_5)
FNDA:0,(anonymous_6)
FNDA:0,(anonymous_7)
FNDA:0,(anonymous_8)
DA:13,0
DA:14,0
DA:15,0
DA:16,0
DA:17,0
DA:18,0
DA:19,0
DA:23,0
DA:27,0
DA:28,0
DA:32,0
DA:33,0
DA:35,0
DA:40,0
DA:44,0
DA:49,0
DA:58,0
DA:59,0
DA:60,0
DA:62,0
DA:63,0
LF:21
LH:0
BRDA:13,0,0,0
BRDA:13,0,1,0
BRDA:18,1,0,0
BRDA:18,1,1,0
BRDA:19,2,0,0
BRDA:19,2,1,0
BRDA:58,3,0,0
BRDA:58,3,1,0
BRF:8
BRH:0
end_of_record
TN:
SF:src/routes/autoresRoutes.js
FNF:0
FNH:0
DA:4,1
DA:6,1
LF:2
LH:2
BRF:0
BRH:0
end_of_record
TN:
SF:src/routes/editorasRoutes.js
FNF:0
FNH:0
DA:4,1
DA:6,1
LF:2
LH:2
BRF:0
BRH:0
end_of_record
TN:
SF:src/routes/index.js
FN:6,(anonymous_0)
FN:7,(anonymous_1)
FNF:2
FNH:1
FNDA:1,(anonymous_0)
FNDA:0,(anonymous_1)
DA:6,1
DA:7,1
DA:8,0
DA:11,1
LF:4
LH:3
BRF:0
BRH:0
end_of_record
TN:
SF:src/routes/livrosRoutes.js
FNF:0
FNH:0
DA:4,1
DA:6,1
LF:2
LH:2
BRF:0
BRH:0
end_of_record
